WARNING: In non-interactive mode release checks e.g. deprecated releases, production architectures are disabled.
Unable to load sec.protocol plugin libXrdSecztn.so
Unable to load sec.protocol plugin libXrdSecztn.so

 *** Break *** segmentation violation



===========================================================
There was a crash.
This is the entire stack trace of all threads:
===========================================================

Thread 6 (Thread 0x7fd2f86e7700 (LWP 206)):
#0  0x00007fd309794e29 in syscall () from /lib64/libc.so.6
#1  0x00007fd2fab7835d in XrdSys::LinuxSemaphore::Wait (this=0x31f4e50) at /data/cmsbld/jenkins/workspace/auto-builds/CMSSW_11_0_0_pre12-slc7_amd64_gcc820/build/CMSSW_11_0_0_pre12-build/BUILD/slc7_amd64_gcc820/external/xrootd/4.10.0-nmpfii2/xrootd-4.10.0/src/./XrdSys/XrdSysLinuxSemaphore.hh:161
#2  XrdCl::SyncQueue<XrdCl::JobManager::JobHelper>::Get (this=0x8a3ab48) at /data/cmsbld/jenkins/workspace/auto-builds/CMSSW_11_0_0_pre12-slc7_amd64_gcc820/build/CMSSW_11_0_0_pre12-build/BUILD/slc7_amd64_gcc820/external/xrootd/4.10.0-nmpfii2/xrootd-4.10.0/src/./XrdCl/XrdClSyncQueue.hh:67
#3  XrdCl::JobManager::RunJobs() () at /data/cmsbld/jenkins/workspace/auto-builds/CMSSW_11_0_0_pre12-slc7_amd64_gcc820/build/CMSSW_11_0_0_pre12-build/BUILD/slc7_amd64_gcc820/external/xrootd/4.10.0-nmpfii2/xrootd-4.10.0/src/XrdCl/XrdClJobManager.cc:146
#4  0x00007fd2fab78519 in RunRunnerThread (arg=<optimized out>) at /data/cmsbld/jenkins/workspace/auto-builds/CMSSW_11_0_0_pre12-slc7_amd64_gcc820/build/CMSSW_11_0_0_pre12-build/BUILD/slc7_amd64_gcc820/external/xrootd/4.10.0-nmpfii2/xrootd-4.10.0/src/XrdCl/XrdClJobManager.cc:33
#5  0x00007fd309a73ea5 in start_thread () from /lib64/libpthread.so.0
#6  0x00007fd30979ab0d in clone () from /lib64/libc.so.6

Thread 5 (Thread 0x7fd2f8ee8700 (LWP 205)):
#0  0x00007fd309794e29 in syscall () from /lib64/libc.so.6
#1  0x00007fd2fab7835d in XrdSys::LinuxSemaphore::Wait (this=0x31f4e50) at /data/cmsbld/jenkins/workspace/auto-builds/CMSSW_11_0_0_pre12-slc7_amd64_gcc820/build/CMSSW_11_0_0_pre12-build/BUILD/slc7_amd64_gcc820/external/xrootd/4.10.0-nmpfii2/xrootd-4.10.0/src/./XrdSys/XrdSysLinuxSemaphore.hh:161
#2  XrdCl::SyncQueue<XrdCl::JobManager::JobHelper>::Get (this=0x8a3ab48) at /data/cmsbld/jenkins/workspace/auto-builds/CMSSW_11_0_0_pre12-slc7_amd64_gcc820/build/CMSSW_11_0_0_pre12-build/BUILD/slc7_amd64_gcc820/external/xrootd/4.10.0-nmpfii2/xrootd-4.10.0/src/./XrdCl/XrdClSyncQueue.hh:67
#3  XrdCl::JobManager::RunJobs() () at /data/cmsbld/jenkins/workspace/auto-builds/CMSSW_11_0_0_pre12-slc7_amd64_gcc820/build/CMSSW_11_0_0_pre12-build/BUILD/slc7_amd64_gcc820/external/xrootd/4.10.0-nmpfii2/xrootd-4.10.0/src/XrdCl/XrdClJobManager.cc:146
#4  0x00007fd2fab78519 in RunRunnerThread (arg=<optimized out>) at /data/cmsbld/jenkins/workspace/auto-builds/CMSSW_11_0_0_pre12-slc7_amd64_gcc820/build/CMSSW_11_0_0_pre12-build/BUILD/slc7_amd64_gcc820/external/xrootd/4.10.0-nmpfii2/xrootd-4.10.0/src/XrdCl/XrdClJobManager.cc:33
#5  0x00007fd309a73ea5 in start_thread () from /lib64/libpthread.so.0
#6  0x00007fd30979ab0d in clone () from /lib64/libc.so.6

Thread 4 (Thread 0x7fd2f96e9700 (LWP 204)):
#0  0x00007fd309794e29 in syscall () from /lib64/libc.so.6
#1  0x00007fd2fab7835d in XrdSys::LinuxSemaphore::Wait (this=0x31f4e50) at /data/cmsbld/jenkins/workspace/auto-builds/CMSSW_11_0_0_pre12-slc7_amd64_gcc820/build/CMSSW_11_0_0_pre12-build/BUILD/slc7_amd64_gcc820/external/xrootd/4.10.0-nmpfii2/xrootd-4.10.0/src/./XrdSys/XrdSysLinuxSemaphore.hh:161
#2  XrdCl::SyncQueue<XrdCl::JobManager::JobHelper>::Get (this=0x8a3ab48) at /data/cmsbld/jenkins/workspace/auto-builds/CMSSW_11_0_0_pre12-slc7_amd64_gcc820/build/CMSSW_11_0_0_pre12-build/BUILD/slc7_amd64_gcc820/external/xrootd/4.10.0-nmpfii2/xrootd-4.10.0/src/./XrdCl/XrdClSyncQueue.hh:67
#3  XrdCl::JobManager::RunJobs() () at /data/cmsbld/jenkins/workspace/auto-builds/CMSSW_11_0_0_pre12-slc7_amd64_gcc820/build/CMSSW_11_0_0_pre12-build/BUILD/slc7_amd64_gcc820/external/xrootd/4.10.0-nmpfii2/xrootd-4.10.0/src/XrdCl/XrdClJobManager.cc:146
#4  0x00007fd2fab78519 in RunRunnerThread (arg=<optimized out>) at /data/cmsbld/jenkins/workspace/auto-builds/CMSSW_11_0_0_pre12-slc7_amd64_gcc820/build/CMSSW_11_0_0_pre12-build/BUILD/slc7_amd64_gcc820/external/xrootd/4.10.0-nmpfii2/xrootd-4.10.0/src/XrdCl/XrdClJobManager.cc:33
#5  0x00007fd309a73ea5 in start_thread () from /lib64/libpthread.so.0
#6  0x00007fd30979ab0d in clone () from /lib64/libc.so.6

Thread 3 (Thread 0x7fd2f9eea700 (LWP 203)):
#0  0x00007fd309a7ae9d in nanosleep () from /lib64/libpthread.so.0
#1  0x00007fd2fac99a1d in XrdSysTimer::Wait (mills=<optimized out>) at /data/cmsbld/jenkins/workspace/auto-builds/CMSSW_11_0_0_pre12-slc7_amd64_gcc820/build/CMSSW_11_0_0_pre12-build/BUILD/slc7_amd64_gcc820/external/xrootd/4.10.0-nmpfii2/xrootd-4.10.0/src/XrdSys/XrdSysTimer.cc:239
#2  0x00007fd2fab1e308 in XrdCl::TaskManager::RunTasks() () at /data/cmsbld/jenkins/workspace/auto-builds/CMSSW_11_0_0_pre12-slc7_amd64_gcc820/build/CMSSW_11_0_0_pre12-build/BUILD/slc7_amd64_gcc820/external/xrootd/4.10.0-nmpfii2/xrootd-4.10.0/src/XrdCl/XrdClTaskManager.cc:244
#3  0x00007fd2fab1e3e9 in RunRunnerThread (arg=<optimized out>) at /data/cmsbld/jenkins/workspace/auto-builds/CMSSW_11_0_0_pre12-slc7_amd64_gcc820/build/CMSSW_11_0_0_pre12-build/BUILD/slc7_amd64_gcc820/external/xrootd/4.10.0-nmpfii2/xrootd-4.10.0/src/XrdCl/XrdClTaskManager.cc:37
#4  0x00007fd309a73ea5 in start_thread () from /lib64/libpthread.so.0
#5  0x00007fd30979ab0d in clone () from /lib64/libc.so.6

Thread 2 (Thread 0x7fd2fa6eb700 (LWP 202)):
#0  0x00007fd30979b0e3 in epoll_wait () from /lib64/libc.so.6
#1  0x00007fd2fac93d57 in XrdSys::IOEvents::PollE::Begin (syncsem=<optimized out>, retcode=<optimized out>, eTxt=<optimized out>, this=<optimized out>) at /data/cmsbld/jenkins/workspace/auto-builds/CMSSW_11_0_0_pre12-slc7_amd64_gcc820/build/CMSSW_11_0_0_pre12-build/BUILD/slc7_amd64_gcc820/external/xrootd/4.10.0-nmpfii2/xrootd-4.10.0/src/./XrdSys/XrdSysIOEventsPollE.icc:213
#2  XrdSys::IOEvents::PollE::Begin (this=0x86f11e0, syncsem=<optimized out>, retcode=<optimized out>, eTxt=<optimized out>) at /data/cmsbld/jenkins/workspace/auto-builds/CMSSW_11_0_0_pre12-slc7_amd64_gcc820/build/CMSSW_11_0_0_pre12-build/BUILD/slc7_amd64_gcc820/external/xrootd/4.10.0-nmpfii2/xrootd-4.10.0/src/./XrdSys/XrdSysIOEventsPollE.icc:197
#3  0x00007fd2fac90545 in XrdSys::IOEvents::BootStrap::Start(void*) () at /data/cmsbld/jenkins/workspace/auto-builds/CMSSW_11_0_0_pre12-slc7_amd64_gcc820/build/CMSSW_11_0_0_pre12-build/BUILD/slc7_amd64_gcc820/external/xrootd/4.10.0-nmpfii2/xrootd-4.10.0/src/XrdSys/XrdSysIOEvents.cc:131
#4  0x00007fd2fac99208 in XrdSysThread_Xeq (myargs=0x710a1c0) at /data/cmsbld/jenkins/workspace/auto-builds/CMSSW_11_0_0_pre12-slc7_amd64_gcc820/build/CMSSW_11_0_0_pre12-build/BUILD/slc7_amd64_gcc820/external/xrootd/4.10.0-nmpfii2/xrootd-4.10.0/src/XrdSys/XrdSysPthread.cc:86
#5  0x00007fd309a73ea5 in start_thread () from /lib64/libpthread.so.0
#6  0x00007fd30979ab0d in clone () from /lib64/libc.so.6

Thread 1 (Thread 0x7fd30a492980 (LWP 178)):
#0  0x00007fd309761659 in waitpid () from /lib64/libc.so.6
#1  0x00007fd3096def62 in do_system () from /lib64/libc.so.6
#2  0x00007fd3096df311 in system () from /lib64/libc.so.6
#3  0x00007fd30a274503 in TUnixSystem::StackTrace() () from /cvmfs/cms.cern.ch/slc7_amd64_gcc820/lcg/root/6.18.04-nmpfii/lib/libCore.so
#4  0x00007fd30a276d54 in TUnixSystem::DispatchSignals(ESignals) () from /cvmfs/cms.cern.ch/slc7_amd64_gcc820/lcg/root/6.18.04-nmpfii/lib/libCore.so
#5  <signal handler called>
#6  0x00007fd2fb86272d in ?? ()
#7  0x000000002b9d5920 in ?? ()
#8  0x0000000022aee1d0 in ?? ()
#9  0x00007ffeef82f1e0 in ?? ()
#10 0x00007fd2fb884724 in ?? ()
#11 0x000000002b9d5920 in ?? ()
#12 0x0000000022aee1d0 in ?? ()
#13 0x00007ffeef82f210 in ?? ()
#14 0x00007fd2fb89e6ff in ?? ()
#15 0x0000000022aee1d0 in ?? ()
#16 0x000000002b9d5920 in ?? ()
#17 0x0000000022aee1d0 in ?? ()
#18 0x00007ffeef82f5b9 in ?? ()
#19 0x00007ffeef82f240 in ?? ()
#20 0x00007fd2fb88eea4 in ?? ()
#21 0x00007ffeef82f5b0 in ?? ()
#22 0x000000002b9d5920 in ?? ()
#23 0x0000000022aee1d0 in ?? ()
#24 0x00007ffeef82f5b0 in ?? ()
#25 0x00007ffeef82f280 in ?? ()
#26 0x00007fd2fb8c31c6 in ?? ()
#27 0x00007fd2fb88ee60 in ?? ()
#28 0x0000000022aee1d0 in ?? ()
#29 0x0000000000000000 in ?? ()
===========================================================


The lines below might hint at the cause of the crash.
You may get help by asking at the ROOT forum http://root.cern.ch/forum
Only if you are really convinced it is a bug in ROOT then please submit a
report at http://root.cern.ch/bugs Please post the ENTIRE stack trace
from above as an attachment in addition to anything else
that might help us fixing this issue.
===========================================================
#6  0x00007fd2fb86272d in ?? ()
#7  0x000000002b9d5920 in ?? ()
#8  0x0000000022aee1d0 in ?? ()
#9  0x00007ffeef82f1e0 in ?? ()
#10 0x00007fd2fb884724 in ?? ()
#11 0x000000002b9d5920 in ?? ()
#12 0x0000000022aee1d0 in ?? ()
#13 0x00007ffeef82f210 in ?? ()
#14 0x00007fd2fb89e6ff in ?? ()
#15 0x0000000022aee1d0 in ?? ()
#16 0x000000002b9d5920 in ?? ()
#17 0x0000000022aee1d0 in ?? ()
#18 0x00007ffeef82f5b9 in ?? ()
#19 0x00007ffeef82f240 in ?? ()
#20 0x00007fd2fb88eea4 in ?? ()
#21 0x00007ffeef82f5b0 in ?? ()
#22 0x000000002b9d5920 in ?? ()
#23 0x0000000022aee1d0 in ?? ()
#24 0x00007ffeef82f5b0 in ?? ()
#25 0x00007ffeef82f280 in ?? ()
#26 0x00007fd2fb8c31c6 in ?? ()
#27 0x00007fd2fb88ee60 in ?? ()
#28 0x0000000022aee1d0 in ?? ()
#29 0x0000000000000000 in ?? ()
===========================================================


rm: cannot remove ‘*preselTree*.root’: No such file or directory
