000 (2155650.000.000) 2023-06-25 15:46:21 Job submitted from host: <131.225.189.251:9618?addrs=131.225.189.251-9618+[2620-6a-0-8421--e8]-9618&alias=lpcschedd4.fnal.gov&noUDP&sock=schedd_2018_c235>
...
040 (2155650.000.000) 2023-06-25 15:46:28 Started transferring input files
	Transferring to host: <131.225.189.46:9618?addrs=[2620-6a-0-8421-f0-0-189-46]-9618+131.225.189.46-9618&alias=cmswn2095.fnal.gov&noUDP&sock=slot1_23_2110_6f8f_46264>
...
040 (2155650.000.000) 2023-06-25 15:46:33 Finished transferring input files
...
001 (2155650.000.000) 2023-06-25 15:46:34 Job executing on host: <131.225.189.46:9618?addrs=[2620-6a-0-8421-f0-0-189-46]-9618+131.225.189.46-9618&alias=cmswn2095.fnal.gov&noUDP&sock=startd_2029_4dc0>
...
006 (2155650.000.000) 2023-06-25 15:46:42 Image size of job updated: 17
	17  -  MemoryUsage of job (MB)
	17532  -  ResidentSetSize of job (KB)
...
006 (2155650.000.000) 2023-06-25 15:47:05 Image size of job updated: 144
	144  -  MemoryUsage of job (MB)
	148192  -  ResidentSetSize of job (KB)
...
040 (2155650.000.000) 2023-06-25 15:47:06 Started transferring output files
...
040 (2155650.000.000) 2023-06-25 15:47:06 Finished transferring output files
...
005 (2155650.000.000) 2023-06-25 15:47:08 Job terminated.
	(1) Normal termination (return value 2)
		Usr 0 00:00:00, Sys 0 00:00:00  -  Run Remote Usage
		Usr 0 00:00:00, Sys 0 00:00:00  -  Run Local Usage
		Usr 0 00:00:00, Sys 0 00:00:00  -  Total Remote Usage
		Usr 0 00:00:00, Sys 0 00:00:00  -  Total Local Usage
	1746  -  Run Bytes Sent By Job
	376695584  -  Run Bytes Received By Job
	1746  -  Total Bytes Sent By Job
	376695584  -  Total Bytes Received By Job
	Partitionable Resources :    Usage  Request Allocated 
	   Cpus                 :        0        1         1 
	   Disk (KB)            :   466627   375000   1642112 
	   Memory (MB)          :      144     2048      2048 

	Job terminated of its own accord at 2023-06-25T20:47:05Z with exit-code 2.
...
